d:\dev\c++\freetypetest\freetypetest\lib\freetype\objs\x64\debug static\ftbase.obj
d:\dev\c++\freetypetest\freetypetest\lib\freetype\objs\x64\debug static\ftsynth.obj
d:\dev\c++\freetypetest\freetypetest\lib\freetype\objs\x64\debug static\ftgzip.obj
d:\dev\c++\freetypetest\freetypetest\lib\freetype\objs\x64\debug static\smooth.obj
d:\dev\c++\freetypetest\freetypetest\lib\freetype\objs\x64\debug static\ftsystem.obj
d:\dev\c++\freetypetest\freetypetest\lib\freetype\objs\x64\debug static\ftgasp.obj
d:\dev\c++\freetypetest\freetypetest\lib\freetype\objs\x64\debug static\ftmm.obj
d:\dev\c++\freetypetest\freetypetest\lib\freetype\objs\x64\debug static\bdf.obj
d:\dev\c++\freetypetest\freetypetest\lib\freetype\objs\x64\debug static\psaux.obj
d:\dev\c++\freetypetest\freetypetest\lib\freetype\objs\x64\debug static\winfnt.obj
d:\dev\c++\freetypetest\freetypetest\lib\freetype\objs\x64\debug static\autofit.obj
d:\dev\c++\freetypetest\freetypetest\lib\freetype\objs\x64\debug static\ftpfr.obj
d:\dev\c++\freetypetest\freetypetest\lib\freetype\objs\x64\debug static\type1cid.obj
d:\dev\c++\freetypetest\freetypetest\lib\freetype\objs\x64\debug static\raster.obj
d:\dev\c++\freetypetest\freetypetest\lib\freetype\objs\x64\debug static\type1.obj
d:\dev\c++\freetypetest\freetypetest\lib\freetype\objs\x64\debug static\ftcid.obj
d:\dev\c++\freetypetest\freetypetest\lib\freetype\objs\x64\debug static\ftglyph.obj
d:\dev\c++\freetypetest\freetypetest\lib\freetype\objs\x64\debug static\ftstroke.obj
d:\dev\c++\freetypetest\freetypetest\lib\freetype\objs\x64\debug static\dlgwrap.obj
d:\dev\c++\freetypetest\freetypetest\lib\freetype\objs\x64\debug static\pcf.obj
d:\dev\c++\freetypetest\freetypetest\lib\freetype\objs\x64\debug static\sfnt.obj
d:\dev\c++\freetypetest\freetypetest\lib\freetype\objs\x64\debug static\ftbdf.obj
d:\dev\c++\freetypetest\freetypetest\lib\freetype\objs\x64\debug static\ftgxval.obj
d:\dev\c++\freetypetest\freetypetest\lib\freetype\objs\x64\debug static\fttype1.obj
d:\dev\c++\freetypetest\freetypetest\lib\freetype\objs\x64\debug static\ftlzw.obj
d:\dev\c++\freetypetest\freetypetest\lib\freetype\objs\x64\debug static\psmodule.obj
d:\dev\c++\freetypetest\freetypetest\lib\freetype\objs\x64\debug static\type42.obj
d:\dev\c++\freetypetest\freetypetest\lib\freetype\objs\x64\debug static\ftfstype.obj
d:\dev\c++\freetypetest\freetypetest\lib\freetype\objs\x64\debug static\ftotval.obj
d:\dev\c++\freetypetest\freetypetest\lib\freetype\objs\x64\debug static\ftcache.obj
d:\dev\c++\freetypetest\freetypetest\lib\freetype\objs\x64\debug static\pshinter.obj
d:\dev\c++\freetypetest\freetypetest\lib\freetype\objs\x64\debug static\truetype.obj
d:\dev\c++\freetypetest\freetypetest\lib\freetype\objs\x64\debug static\ftbbox.obj
d:\dev\c++\freetypetest\freetypetest\lib\freetype\objs\x64\debug static\ftinit.obj
d:\dev\c++\freetypetest\freetypetest\lib\freetype\objs\x64\debug static\ftwinfnt.obj
d:\dev\c++\freetypetest\freetypetest\lib\freetype\objs\x64\debug static\pfr.obj
d:\dev\c++\freetypetest\freetypetest\lib\freetype\objs\x64\debug static\svg.obj
d:\dev\c++\freetypetest\freetypetest\lib\freetype\objs\x64\debug static\ftbitmap.obj
d:\dev\c++\freetypetest\freetypetest\lib\freetype\objs\x64\debug static\ftpatent.obj
d:\dev\c++\freetypetest\freetypetest\lib\freetype\objs\x64\debug static\cff.obj
d:\dev\c++\freetypetest\freetypetest\lib\freetype\objs\x64\debug static\sdf.obj
d:\dev\c++\freetypetest\freetypetest\lib\freetype\objs\x64\debug static\ftdebug.obj
d:\dev\c++\freetypetest\freetypetest\lib\freetype\objs\x64\debug static\freetype.pdb
d:\dev\c++\freetypetest\freetypetest\lib\freetype\objs\x64\debug static\freetype.lib
d:\dev\c++\freetypetest\freetypetest\lib\freetype\objs\x64\debug static\ftver.res
d:\dev\c++\freetypetest\freetypetest\lib\freetype\objs\x64\debug static\..\..\..\objs\x64\debug static\freetype.pdb
d:\dev\c++\freetypetest\freetypetest\lib\freetype\objs\x64\debug static\..\..\..\objs\x64\debug static\freetype.vcxproj.filelistabsolute.txt
d:\dev\c++\freetypetest\freetypetest\lib\freetype\objs\x64\debug static\freetype.tlog\cl.16264.write.1.tlog
d:\dev\c++\freetypetest\freetypetest\lib\freetype\objs\x64\debug static\freetype.tlog\cl.command.1.tlog
d:\dev\c++\freetypetest\freetypetest\lib\freetype\objs\x64\debug static\freetype.tlog\cl.read.1.tlog
d:\dev\c++\freetypetest\freetypetest\lib\freetype\objs\x64\debug static\freetype.tlog\lib-link-cvtres.read.1.tlog
d:\dev\c++\freetypetest\freetypetest\lib\freetype\objs\x64\debug static\freetype.tlog\lib-link-cvtres.write.1.tlog
d:\dev\c++\freetypetest\freetypetest\lib\freetype\objs\x64\debug static\freetype.tlog\lib.command.1.tlog
d:\dev\c++\freetypetest\freetypetest\lib\freetype\objs\x64\debug static\freetype.tlog\rc.command.1.tlog
d:\dev\c++\freetypetest\freetypetest\lib\freetype\objs\x64\debug static\freetype.tlog\rc.read.1.tlog
d:\dev\c++\freetypetest\freetypetest\lib\freetype\objs\x64\debug static\freetype.tlog\rc.write.1.tlog
